<?xml version="1.0" encoding="UTF-8"?>
<testsuite name="com.min.study.HelloControllerTest" tests="2" skipped="0" failures="0" errors="0" timestamp="2022-11-13T11:24:38" hostname="DESKTOP-P8HE8E7" time="0.92">
  <properties/>
  <testcase name="hello가_리턴된다" classname="com.min.study.HelloControllerTest" time="0.684"/>
  <testcase name="helloDto가_리턴된다" classname="com.min.study.HelloControllerTest" time="0.235"/>
  <system-out><![CDATA[20:24:34.195 [Test worker] DEBUG org.springframework.test.context.junit4.SpringJUnit4ClassRunner - SpringJUnit4ClassRunner constructor called with [class com.min.study.HelloControllerTest]
20:24:34.202 [Test worker] DEBUG org.springframework.test.context.BootstrapUtils - Instantiating CacheAwareContextLoaderDelegate from class [org.springframework.test.context.cache.DefaultCacheAwareContextLoaderDelegate]
20:24:34.214 [Test worker] DEBUG org.springframework.test.context.BootstrapUtils - Instantiating BootstrapContext using constructor [public org.springframework.test.context.support.DefaultBootstrapContext(java.lang.Class,org.springframework.test.context.CacheAwareContextLoaderDelegate)]
20:24:34.232 [Test worker] DEBUG org.springframework.test.context.BootstrapUtils - Instantiating TestContextBootstrapper for test class [com.min.study.HelloControllerTest] from class [org.springframework.boot.test.autoconfigure.web.servlet.WebMvcTestContextBootstrapper]
20:24:34.254 [Test worker] INFO org.springframework.boot.test.autoconfigure.web.servlet.WebMvcTestContextBootstrapper - Neither @ContextConfiguration nor @ContextHierarchy found for test class [com.min.study.HelloControllerTest], using SpringBootContextLoader
20:24:34.259 [Test worker] DEBUG org.springframework.test.context.support.AbstractContextLoader - Did not detect default resource location for test class [com.min.study.HelloControllerTest]: class path resource [com/min/study/HelloControllerTest-context.xml] does not exist
20:24:34.259 [Test worker] DEBUG org.springframework.test.context.support.AbstractContextLoader - Did not detect default resource location for test class [com.min.study.HelloControllerTest]: class path resource [com/min/study/HelloControllerTestContext.groovy] does not exist
20:24:34.259 [Test worker] INFO org.springframework.test.context.support.AbstractContextLoader - Could not detect default resource locations for test class [com.min.study.HelloControllerTest]: no resource found for suffixes {-context.xml, Context.groovy}.
20:24:34.261 [Test worker] INFO org.springframework.test.context.support.AnnotationConfigContextLoaderUtils - Could not detect default configuration classes for test class [com.min.study.HelloControllerTest]: HelloControllerTest does not declare any static, non-private, non-final, nested classes annotated with @Configuration.
20:24:34.336 [Test worker] DEBUG org.springframework.test.context.support.ActiveProfilesUtils - Could not find an 'annotation declaring class' for annotation type [org.springframework.test.context.ActiveProfiles] and class [com.min.study.HelloControllerTest]
20:24:34.403 [Test worker] DEBUG org.springframework.context.annotation.ClassPathScanningCandidateComponentProvider - Identified candidate component class: file [C:\Users\rucy0\OneDrive\바탕 화면\2022-01-BE-Spring-Study\김민영\spring\build\classes\java\main\com\min\study\Application.class]
20:24:34.404 [Test worker] INFO org.springframework.boot.test.context.SpringBootTestContextBootstrapper - Found @SpringBootConfiguration com.min.study.Application for test class com.min.study.HelloControllerTest
20:24:34.406 [Test worker] DEBUG org.springframework.boot.test.autoconfigure.web.servlet.WebMvcTestContextBootstrapper - @TestExecutionListeners is not present for class [com.min.study.HelloControllerTest]: using defaults.
20:24:34.407 [Test worker] INFO org.springframework.boot.test.autoconfigure.web.servlet.WebMvcTestContextBootstrapper - Loaded default TestExecutionListener class names from location [META-INF/spring.factories]: [org.springframework.security.test.context.support.WithSecurityContextTestExecutionListener, org.springframework.security.test.context.support.ReactorContextTestExecutionListener, org.springframework.boot.test.autoconfigure.restdocs.RestDocsTestExecutionListener, org.springframework.boot.test.autoconfigure.web.client.MockRestServiceServerResetTestExecutionListener, org.springframework.boot.test.autoconfigure.web.servlet.MockMvcPrintOnlyOnFailureTestExecutionListener, org.springframework.boot.test.autoconfigure.web.servlet.WebDriverTestExecutionListener, org.springframework.boot.test.mock.mockito.MockitoTestExecutionListener, org.springframework.boot.test.mock.mockito.ResetMocksTestExecutionListener, org.springframework.test.context.web.ServletTestExecutionListener, org.springframework.test.context.support.DirtiesContextBeforeModesTestExecutionListener, org.springframework.test.context.support.DependencyInjectionTestExecutionListener, org.springframework.test.context.support.DirtiesContextTestExecutionListener, org.springframework.test.context.transaction.TransactionalTestExecutionListener, org.springframework.test.context.jdbc.SqlScriptsTestExecutionListener]
20:24:34.432 [Test worker] INFO org.springframework.boot.test.autoconfigure.web.servlet.WebMvcTestContextBootstrapper - Using TestExecutionListeners: [org.springframework.test.context.web.ServletTestExecutionListener@352be675, org.springframework.test.context.support.DirtiesContextBeforeModesTestExecutionListener@6134214a, org.springframework.boot.test.mock.mockito.MockitoTestExecutionListener@536c7578, org.springframework.boot.test.autoconfigure.SpringBootDependencyInjectionTestExecutionListener@3b82495d, org.springframework.test.context.support.DirtiesContextTestExecutionListener@51f00816, org.springframework.test.context.transaction.TransactionalTestExecutionListener@118e5d13, org.springframework.test.context.jdbc.SqlScriptsTestExecutionListener@21793def, org.springframework.security.test.context.support.WithSecurityContextTestExecutionListener@818403c, org.springframework.security.test.context.support.ReactorContextTestExecutionListener@59f94991, org.springframework.boot.test.autoconfigure.restdocs.RestDocsTestExecutionListener@3a7ce178, org.springframework.boot.test.autoconfigure.web.client.MockRestServiceServerResetTestExecutionListener@5282259d, org.springframework.boot.test.autoconfigure.web.servlet.MockMvcPrintOnlyOnFailureTestExecutionListener@18518651, org.springframework.boot.test.autoconfigure.web.servlet.WebDriverTestExecutionListener@b77f10b, org.springframework.boot.test.mock.mockito.ResetMocksTestExecutionListener@565db63c]
20:24:34.435 [Test worker] DEBUG org.springframework.test.annotation.ProfileValueUtils - Retrieved @ProfileValueSourceConfiguration [null] for test class [com.min.study.HelloControllerTest]
20:24:34.436 [Test worker] DEBUG org.springframework.test.annotation.ProfileValueUtils - Retrieved ProfileValueSource type [class org.springframework.test.annotation.SystemProfileValueSource] for class [com.min.study.HelloControllerTest]
20:24:34.436 [Test worker] DEBUG org.springframework.test.annotation.ProfileValueUtils - Retrieved @ProfileValueSourceConfiguration [null] for test class [com.min.study.HelloControllerTest]
20:24:34.436 [Test worker] DEBUG org.springframework.test.annotation.ProfileValueUtils - Retrieved ProfileValueSource type [class org.springframework.test.annotation.SystemProfileValueSource] for class [com.min.study.HelloControllerTest]
20:24:34.440 [Test worker] DEBUG org.springframework.test.context.support.AbstractDirtiesContextTestExecutionListener - Before test class: context [DefaultTestContext@6e097805 testClass = HelloControllerTest, testInstance = [null], testMethod = [null], testException = [null], mergedContextConfiguration = [WebMergedContextConfiguration@298d031d testClass = HelloControllerTest, locations = '{}', classes = '{class com.min.study.Application}', contextInitializerClasses = '[]', activeProfiles = '{}', propertySourceLocations = '{}', propertySourceProperties = '{org.springframework.boot.test.autoconfigure.web.servlet.WebMvcTestContextBootstrapper=true}', contextCustomizers = set[org.springframework.boot.test.autoconfigure.OverrideAutoConfigurationContextCustomizerFactory$DisableAutoConfigurationContextCustomizer@a24c03a, org.springframework.boot.test.autoconfigure.filter.TypeExcludeFiltersContextCustomizer@ba9c1ae, org.springframework.boot.test.autoconfigure.properties.PropertyMappingContextCustomizer@13fea89, org.springframework.boot.test.autoconfigure.web.servlet.WebDriverContextCustomizerFactory$Customizer@5ee7f52a, [ImportsContextCustomizer@4beaacd9 key = [org.springframework.boot.autoconfigure.cache.CacheAutoConfiguration, org.springframework.boot.autoconfigure.context.MessageSourceAutoConfiguration, org.springframework.boot.autoconfigure.data.web.SpringDataWebAutoConfiguration, org.springframework.boot.autoconfigure.freemarker.FreeMarkerAutoConfiguration, org.springframework.boot.autoconfigure.groovy.template.GroovyTemplateAutoConfiguration, org.springframework.boot.autoconfigure.gson.GsonAutoConfiguration, org.springframework.boot.autoconfigure.hateoas.HypermediaAutoConfiguration, org.springframework.boot.autoconfigure.http.HttpMessageConvertersAutoConfiguration, org.springframework.boot.autoconfigure.jackson.JacksonAutoConfiguration, org.springframework.boot.autoconfigure.jsonb.JsonbAutoConfiguration, org.springframework.boot.autoconfigure.mustache.MustacheAutoConfiguration, org.springframework.boot.autoconfigure.task.TaskExecutionAutoConfiguration, org.springframework.boot.autoconfigure.thymeleaf.ThymeleafAutoConfiguration, org.springframework.boot.autoconfigure.validation.ValidationAutoConfiguration, org.springframework.boot.autoconfigure.web.servlet.error.ErrorMvcAutoConfiguration, org.springframework.boot.autoconfigure.web.servlet.WebMvcAutoConfiguration, org.springframework.boot.test.autoconfigure.web.servlet.MockMvcAutoConfiguration, org.springframework.boot.test.autoconfigure.web.servlet.MockMvcSecurityAutoConfiguration, org.springframework.boot.test.autoconfigure.web.servlet.MockMvcWebClientAutoConfiguration, org.springframework.boot.test.autoconfigure.web.servlet.MockMvcWebDriverAutoConfiguration]], org.springframework.boot.test.context.filter.ExcludeFilterContextCustomizer@13a3b87a, org.springframework.boot.test.json.DuplicateJsonObjectContextCustomizerFactory$DuplicateJsonObjectContextCustomizer@7070263f, org.springframework.boot.test.mock.mockito.MockitoContextCustomizer@0], resourceBasePath = 'src/main/webapp', contextLoader = 'org.springframework.boot.test.context.SpringBootContextLoader', parent = [null]], attributes = map[[empty]]], class annotated with @DirtiesContext [false] with mode [null].
20:24:34.441 [Test worker] DEBUG org.springframework.test.annotation.ProfileValueUtils - Retrieved @ProfileValueSourceConfiguration [null] for test class [com.min.study.HelloControllerTest]
20:24:34.442 [Test worker] DEBUG org.springframework.test.annotation.ProfileValueUtils - Retrieved ProfileValueSource type [class org.springframework.test.annotation.SystemProfileValueSource] for class [com.min.study.HelloControllerTest]
20:24:34.447 [Test worker] DEBUG org.springframework.test.context.support.DependencyInjectionTestExecutionListener - Performing dependency injection for test context [[DefaultTestContext@6e097805 testClass = HelloControllerTest, testInstance = com.min.study.HelloControllerTest@2e3c91cf, testMethod = [null], testException = [null], mergedContextConfiguration = [WebMergedContextConfiguration@298d031d testClass = HelloControllerTest, locations = '{}', classes = '{class com.min.study.Application}', contextInitializerClasses = '[]', activeProfiles = '{}', propertySourceLocations = '{}', propertySourceProperties = '{org.springframework.boot.test.autoconfigure.web.servlet.WebMvcTestContextBootstrapper=true}', contextCustomizers = set[org.springframework.boot.test.autoconfigure.OverrideAutoConfigurationContextCustomizerFactory$DisableAutoConfigurationContextCustomizer@a24c03a, org.springframework.boot.test.autoconfigure.filter.TypeExcludeFiltersContextCustomizer@ba9c1ae, org.springframework.boot.test.autoconfigure.properties.PropertyMappingContextCustomizer@13fea89, org.springframework.boot.test.autoconfigure.web.servlet.WebDriverContextCustomizerFactory$Customizer@5ee7f52a, [ImportsContextCustomizer@4beaacd9 key = [org.springframework.boot.autoconfigure.cache.CacheAutoConfiguration, org.springframework.boot.autoconfigure.context.MessageSourceAutoConfiguration, org.springframework.boot.autoconfigure.data.web.SpringDataWebAutoConfiguration, org.springframework.boot.autoconfigure.freemarker.FreeMarkerAutoConfiguration, org.springframework.boot.autoconfigure.groovy.template.GroovyTemplateAutoConfiguration, org.springframework.boot.autoconfigure.gson.GsonAutoConfiguration, org.springframework.boot.autoconfigure.hateoas.HypermediaAutoConfiguration, org.springframework.boot.autoconfigure.http.HttpMessageConvertersAutoConfiguration, org.springframework.boot.autoconfigure.jackson.JacksonAutoConfiguration, org.springframework.boot.autoconfigure.jsonb.JsonbAutoConfiguration, org.springframework.boot.autoconfigure.mustache.MustacheAutoConfiguration, org.springframework.boot.autoconfigure.task.TaskExecutionAutoConfiguration, org.springframework.boot.autoconfigure.thymeleaf.ThymeleafAutoConfiguration, org.springframework.boot.autoconfigure.validation.ValidationAutoConfiguration, org.springframework.boot.autoconfigure.web.servlet.error.ErrorMvcAutoConfiguration, org.springframework.boot.autoconfigure.web.servlet.WebMvcAutoConfiguration, org.springframework.boot.test.autoconfigure.web.servlet.MockMvcAutoConfiguration, org.springframework.boot.test.autoconfigure.web.servlet.MockMvcSecurityAutoConfiguration, org.springframework.boot.test.autoconfigure.web.servlet.MockMvcWebClientAutoConfiguration, org.springframework.boot.test.autoconfigure.web.servlet.MockMvcWebDriverAutoConfiguration]], org.springframework.boot.test.context.filter.ExcludeFilterContextCustomizer@13a3b87a, org.springframework.boot.test.json.DuplicateJsonObjectContextCustomizerFactory$DuplicateJsonObjectContextCustomizer@7070263f, org.springframework.boot.test.mock.mockito.MockitoContextCustomizer@0], resourceBasePath = 'src/main/webapp', contextLoader = 'org.springframework.boot.test.context.SpringBootContextLoader', parent = [null]], attributes = map[[empty]]]].
20:24:34.609 [Test worker] DEBUG org.springframework.test.context.support.TestPropertySourceUtils - Adding inlined properties to environment: {spring.jmx.enabled=false, org.springframework.boot.test.autoconfigure.web.servlet.WebMvcTestContextBootstrapper=true, server.port=-1}

  .   ____          _            __ _ _
 /\\ / ___'_ __ _ _(_)_ __  __ _ \ \ \ \
( ( )\___ | '_ | '_| | '_ \/ _` | \ \ \ \
 \\/  ___)| |_)| | | | | || (_| |  ) ) ) )
  '  |____| .__|_| |_|_| |_\__, | / / / /
 =========|_|==============|___/=/_/_/_/
 :: Spring Boot ::        (v2.1.9.RELEASE)

2022-11-13 20:24:34.876  INFO 3620 --- [    Test worker] com.min.study.HelloControllerTest        : Starting HelloControllerTest on DESKTOP-P8HE8E7 with PID 3620 (started by rucy0 in C:\Users\rucy0\OneDrive\바탕 화면\2022-01-BE-Spring-Study\김민영\spring)
2022-11-13 20:24:34.879  INFO 3620 --- [    Test worker] com.min.study.HelloControllerTest        : No active profile set, falling back to default profiles: default
2022-11-13 20:24:36.600  INFO 3620 --- [    Test worker] o.s.s.concurrent.ThreadPoolTaskExecutor  : Initializing ExecutorService 'applicationTaskExecutor'
2022-11-13 20:24:36.878  INFO 3620 --- [    Test worker] o.s.b.a.w.s.WelcomePageHandlerMapping    : Adding welcome page template: index
2022-11-13 20:24:37.870  INFO 3620 --- [    Test worker] .s.s.UserDetailsServiceAutoConfiguration : 

Using generated security password: 29029e06-57d5-4dc7-abda-30b06ffe4303

2022-11-13 20:24:38.521  INFO 3620 --- [    Test worker] o.s.s.web.DefaultSecurityFilterChain     : Creating filter chain: any request, [org.springframework.security.web.context.request.async.WebAsyncManagerIntegrationFilter@2089f4ff, org.springframework.security.web.context.SecurityContextPersistenceFilter@195e92d0, org.springframework.security.web.header.HeaderWriterFilter@201a798d, org.springframework.security.web.csrf.CsrfFilter@39204578, org.springframework.security.web.authentication.logout.LogoutFilter@4f548741, org.springframework.security.web.authentication.UsernamePasswordAuthenticationFilter@2dac5659, org.springframework.security.web.authentication.ui.DefaultLoginPageGeneratingFilter@30bcb29f, org.springframework.security.web.authentication.ui.DefaultLogoutPageGeneratingFilter@41592d86, org.springframework.security.web.authentication.www.BasicAuthenticationFilter@4bd0f64f, org.springframework.security.web.savedrequest.RequestCacheAwareFilter@328c0623, org.springframework.security.web.servletapi.SecurityContextHolderAwareRequestFilter@3862a3ca, org.springframework.security.web.authentication.AnonymousAuthenticationFilter@5ac74752, org.springframework.security.web.session.SessionManagementFilter@3a8fa1d0, org.springframework.security.web.access.ExceptionTranslationFilter@3303aa0, org.springframework.security.web.access.intercept.FilterSecurityInterceptor@16f23968]
2022-11-13 20:24:38.652  INFO 3620 --- [    Test worker] o.s.b.t.m.w.SpringBootMockServletContext : Initializing Spring TestDispatcherServlet ''
2022-11-13 20:24:38.653  INFO 3620 --- [    Test worker] o.s.t.web.servlet.TestDispatcherServlet  : Initializing Servlet ''
2022-11-13 20:24:38.693  INFO 3620 --- [    Test worker] o.s.t.web.servlet.TestDispatcherServlet  : Completed initialization in 39 ms
2022-11-13 20:24:38.818  INFO 3620 --- [    Test worker] com.min.study.HelloControllerTest        : Started HelloControllerTest in 4.199 seconds (JVM running for 5.483)
]]></system-out>
  <system-err><![CDATA[]]></system-err>
</testsuite>
