<?xml version="1.0" encoding="UTF-8"?>
<testsuite name="com.min.study.dto.HelloResponseDtoTest" tests="1" skipped="0" failures="0" errors="0" timestamp="2022-11-13T11:24:39" hostname="DESKTOP-P8HE8E7" time="0.151">
  <properties/>
  <testcase name="롬복_기능_테스트" classname="com.min.study.dto.HelloResponseDtoTest" time="0.151"/>
  <system-out><![CDATA[]]></system-out>
  <system-err><![CDATA[]]></system-err>
</testsuite>
