<?xml version="1.0" encoding="UTF-8"?>
<testsuite name="com.min.study.web.PostsApiControllerTest" tests="2" skipped="0" failures="0" errors="0" timestamp="2022-11-13T11:24:57" hostname="DESKTOP-P8HE8E7" time="0.216">
  <properties/>
  <testcase name="Posts_등록된다" classname="com.min.study.web.PostsApiControllerTest" time="0.16"/>
  <testcase name="Posts_수정된다" classname="com.min.study.web.PostsApiControllerTest" time="0.055"/>
  <system-out><![CDATA[2022-11-13 20:24:57.645  INFO 3620 --- [    Test worker] .b.t.c.SpringBootTestContextBootstrapper : Neither @ContextConfiguration nor @ContextHierarchy found for test class [com.min.study.web.PostsApiControllerTest], using SpringBootContextLoader
2022-11-13 20:24:57.647  INFO 3620 --- [    Test worker] o.s.t.c.support.AbstractContextLoader    : Could not detect default resource locations for test class [com.min.study.web.PostsApiControllerTest]: no resource found for suffixes {-context.xml, Context.groovy}.
2022-11-13 20:24:57.648  INFO 3620 --- [    Test worker] t.c.s.AnnotationConfigContextLoaderUtils : Could not detect default configuration classes for test class [com.min.study.web.PostsApiControllerTest]: PostsApiControllerTest does not declare any static, non-private, non-final, nested classes annotated with @Configuration.
2022-11-13 20:24:57.651  INFO 3620 --- [    Test worker] .b.t.c.SpringBootTestContextBootstrapper : Found @SpringBootConfiguration com.min.study.Application for test class com.min.study.web.PostsApiControllerTest
2022-11-13 20:24:57.655  INFO 3620 --- [    Test worker] .b.t.c.SpringBootTestContextBootstrapper : Loaded default TestExecutionListener class names from location [META-INF/spring.factories]: [org.springframework.security.test.context.support.WithSecurityContextTestExecutionListener, org.springframework.security.test.context.support.ReactorContextTestExecutionListener, org.springframework.boot.test.autoconfigure.restdocs.RestDocsTestExecutionListener, org.springframework.boot.test.autoconfigure.web.client.MockRestServiceServerResetTestExecutionListener, org.springframework.boot.test.autoconfigure.web.servlet.MockMvcPrintOnlyOnFailureTestExecutionListener, org.springframework.boot.test.autoconfigure.web.servlet.WebDriverTestExecutionListener, org.springframework.boot.test.mock.mockito.MockitoTestExecutionListener, org.springframework.boot.test.mock.mockito.ResetMocksTestExecutionListener, org.springframework.test.context.web.ServletTestExecutionListener, org.springframework.test.context.support.DirtiesContextBeforeModesTestExecutionListener, org.springframework.test.context.support.DependencyInjectionTestExecutionListener, org.springframework.test.context.support.DirtiesContextTestExecutionListener, org.springframework.test.context.transaction.TransactionalTestExecutionListener, org.springframework.test.context.jdbc.SqlScriptsTestExecutionListener]
2022-11-13 20:24:57.657  INFO 3620 --- [    Test worker] .b.t.c.SpringBootTestContextBootstrapper : Using TestExecutionListeners: [org.springframework.test.context.web.ServletTestExecutionListener@2fbcf07a, org.springframework.test.context.support.DirtiesContextBeforeModesTestExecutionListener@6ad6cd42, org.springframework.boot.test.mock.mockito.MockitoTestExecutionListener@1f58d4b1, org.springframework.boot.test.autoconfigure.SpringBootDependencyInjectionTestExecutionListener@12bc34d0, org.springframework.test.context.support.DirtiesContextTestExecutionListener@5acb29dd, org.springframework.test.context.transaction.TransactionalTestExecutionListener@62b431b, org.springframework.test.context.jdbc.SqlScriptsTestExecutionListener@5f0fe233, org.springframework.security.test.context.support.WithSecurityContextTestExecutionListener@2ce657b6, org.springframework.security.test.context.support.ReactorContextTestExecutionListener@2f601636, org.springframework.boot.test.autoconfigure.restdocs.RestDocsTestExecutionListener@730fbb5a, org.springframework.boot.test.autoconfigure.web.client.MockRestServiceServerResetTestExecutionListener@53b1d172, org.springframework.boot.test.autoconfigure.web.servlet.MockMvcPrintOnlyOnFailureTestExecutionListener@4df47755, org.springframework.boot.test.autoconfigure.web.servlet.WebDriverTestExecutionListener@620a197b, org.springframework.boot.test.mock.mockito.ResetMocksTestExecutionListener@6cd1bb0b]
2022-11-13 20:24:57.678  INFO 3620 --- [    Test worker] o.a.c.c.C.[Tomcat].[localhost].[/]       : Initializing Spring TestDispatcherServlet ''
2022-11-13 20:24:57.678  INFO 3620 --- [    Test worker] o.s.t.web.servlet.TestDispatcherServlet  : Initializing Servlet ''
2022-11-13 20:24:57.683  INFO 3620 --- [    Test worker] o.s.t.web.servlet.TestDispatcherServlet  : Completed initialization in 5 ms
Hibernate: insert into posts (created_date, modified_date, author, content, title) values (?, ?, ?, ?, ?)
Hibernate: select posts0_.id as id1_0_, posts0_.created_date as created_2_0_, posts0_.modified_date as modified3_0_, posts0_.author as author4_0_, posts0_.content as content5_0_, posts0_.title as title6_0_ from posts posts0_
Hibernate: select posts0_.id as id1_0_, posts0_.created_date as created_2_0_, posts0_.modified_date as modified3_0_, posts0_.author as author4_0_, posts0_.content as content5_0_, posts0_.title as title6_0_ from posts posts0_
Hibernate: delete from posts where id=?
2022-11-13 20:24:57.829  INFO 3620 --- [    Test worker] o.a.c.c.C.[Tomcat].[localhost].[/]       : Initializing Spring TestDispatcherServlet ''
2022-11-13 20:24:57.829  INFO 3620 --- [    Test worker] o.s.t.web.servlet.TestDispatcherServlet  : Initializing Servlet ''
2022-11-13 20:24:57.833  INFO 3620 --- [    Test worker] o.s.t.web.servlet.TestDispatcherServlet  : Completed initialization in 4 ms
Hibernate: insert into posts (created_date, modified_date, author, content, title) values (?, ?, ?, ?, ?)
Hibernate: select posts0_.id as id1_0_0_, posts0_.created_date as created_2_0_0_, posts0_.modified_date as modified3_0_0_, posts0_.author as author4_0_0_, posts0_.content as content5_0_0_, posts0_.title as title6_0_0_ from posts posts0_ where posts0_.id=?
Hibernate: update posts set created_date=?, modified_date=?, author=?, content=?, title=? where id=?
Hibernate: select posts0_.id as id1_0_, posts0_.created_date as created_2_0_, posts0_.modified_date as modified3_0_, posts0_.author as author4_0_, posts0_.content as content5_0_, posts0_.title as title6_0_ from posts posts0_
Hibernate: select posts0_.id as id1_0_, posts0_.created_date as created_2_0_, posts0_.modified_date as modified3_0_, posts0_.author as author4_0_, posts0_.content as content5_0_, posts0_.title as title6_0_ from posts posts0_
Hibernate: delete from posts where id=?
]]></system-out>
  <system-err><![CDATA[]]></system-err>
</testsuite>
